<?xml version="1.0" encoding="UTF-8"?>
<!-- Generated by org.testng.reporters.JUnitReportReporter -->
<testsuite hostname="LAPTOP-04TAV6GP" failures="0" tests="1" name="qa.test.TestCase1" time="13.159" errors="0" timestamp="2024-05-12T23:05:10 IST" skipped="0">
  <testcase classname="qa.test.TestCase1" name="sampleMethodForEnteringCredentials" time="13.159"/>
</testsuite> <!-- qa.test.TestCase1 -->
